-------------------------------------------------------------------------------
Test set: com.workintech.s18d1.ApplicationPropertiesAndControllerTest
-------------------------------------------------------------------------------
Tests run: 11, Failures: 1, Errors: 0, Skipped: 0, Time elapsed: 3.945 s <<< FAILURE! -- in com.workintech.s18d1.ApplicationPropertiesAndControllerTest
com.workintech.s18d1.ApplicationPropertiesAndControllerTest.serverPortIsSetTo8585 -- Time elapsed: 0.062 s <<< FAILURE!
org.opentest4j.AssertionFailedError: 

expected: "9000"
 but was: "900"
	at java.base/jdk.internal.reflect.NativeConstructorAccessorImpl.newInstance0(Native Method)
	at java.base/jdk.internal.reflect.NativeConstructorAccessorImpl.newInstance(NativeConstructorAccessorImpl.java:77)
	at java.base/jdk.internal.reflect.DelegatingConstructorAccessorImpl.newInstance(DelegatingConstructorAccessorImpl.java:45)
	at java.base/java.lang.reflect.Constructor.newInstanceWithCaller(Constructor.java:499)
	at com.workintech.s18d1.ApplicationPropertiesAndControllerTest.serverPortIsSetTo8585(ApplicationPropertiesAndControllerTest.java:72)
	at java.base/java.lang.reflect.Method.invoke(Method.java:568)
	at java.base/java.util.ArrayList.forEach(ArrayList.java:1511)
	at java.base/java.util.ArrayList.forEach(ArrayList.java:1511)

